<?xml version="1.0" encoding="UTF-8"?>
<testng-results ignored="0" total="1" passed="1" failed="0" skipped="0">
  <reporter-output>
  </reporter-output>
  <suite started-at="2019-07-02T20:51:37Z" name="Default suite" finished-at="2019-07-02T20:51:49Z" duration-ms="11730">
    <groups>
    </groups>
    <test started-at="2019-07-02T20:51:37Z" name="Default test" finished-at="2019-07-02T20:51:49Z" duration-ms="11730">
      <class name="test.Login">
        <test-method is-config="true" signature="init()[pri:0, instance:test.Login@60611244]" started-at="2019-07-02T20:51:37Z" name="init" finished-at="2019-07-02T20:51:45Z" duration-ms="7758" status="PASS">
          <reporter-output>
          </reporter-output>
        </test-method> <!-- init -->
        <test-method signature="CEN01_RealizaLoginAVLATD()[pri:0, instance:test.Login@60611244]" started-at="2019-07-02T20:51:45Z" name="CEN01_RealizaLoginAVLATD" finished-at="2019-07-02T20:51:49Z" duration-ms="3936" status="PASS">
          <reporter-output>
          </reporter-output>
        </test-method> <!-- CEN01_RealizaLoginAVLATD -->
      </class> <!-- test.Login -->
    </test> <!-- Default test -->
  </suite> <!-- Default suite -->
</testng-results>
