<?xml version="1.0" encoding="UTF-8"?>
<!-- Generated by org.testng.reporters.JUnitXMLReporter -->
<testsuite ignored="0" hostname="DF5325NB237" failures="0" tests="13" name="ChromeTest" time="145.127" errors="0" timestamp="01 jul 2019 16:46:00 GMT">
  <testcase classname="test.Login" name="CEN01_RealizaLoginAVLATD" time="1.867"/>
  <testcase classname="test.Login" name="CEN02_RealizaLoginAVLAUD" time="1.824"/>
  <testcase classname="test.Login" name="CEN03_RealizaLoginAVLCGE" time="2.054"/>
  <testcase classname="test.Login" name="CEN04_RealizaLoginAVLCNF" time="1.768"/>
  <testcase classname="test.Login" name="CEN05_RealizaLoginAVLEAT" time="2.36"/>
  <testcase classname="test.Login" name="CEN06_RealizaLoginAVLEGC" time="2.025"/>
  <testcase classname="test.Login" name="CEN07_RealizaLoginAVLESE" time="2.202"/>
  <testcase classname="test.Login" name="CEN08_RealizaLoginAVLGAT" time="2.301"/>
  <testcase classname="test.Login" name="CEN09_RealizaLoginAVLGRE" time="2.069"/>
  <testcase classname="test.Login" name="CEN10_RealizaLoginAVLGUN" time="1.935"/>
  <testcase classname="test.Login" name="CEN11_RealizaLoginAVLMTZ" time="1.807"/>
  <testcase classname="test.Login" name="CEN12_RealizaLoginAVLRNP" time="2.08"/>
  <testcase classname="test.Login" name="CEN13_RealizaLoginAVLSRV" time="1.844"/>
</testsuite> <!-- ChromeTest -->
